#
# An unexpected error has been detected by Java Runtime Environment:
#
#  EXCEPTION_ACCESS_VIOLATION (0xc0000005) at pc=0x000000006dc8f0e0, pid=9548, tid=7908
#
# Java VM: Java HotSpot(TM) 64-Bit Server VM (11.3-b02 mixed mode windows-amd64)
# Problematic frame:
# V  [jvm.dll+0x3ff0e0]
#
# If you would like to submit a bug report, please visit:
#   http://java.sun.com/webapps/bugreport/crash.jsp
#

---------------  T H R E A D  ---------------

Current thread (0x0000000006213400):  JavaThread "JDWP Transport Listener: dt_socket" daemon [_thread_in_vm, id=7908, stack(0x0000000006e10000,0x0000000006f10000)]

siginfo: ExceptionCode=0xc0000005, reading address 0x0000000000000018

Registers:
EAX=0x000000000000001c, EBX=0x0000000000000000, ECX=0x0000000000000018, EDX=0x0000000000000017
ESP=0x0000000006f0f7d0, EBP=0x0000000006211b00, ESI=0x0000000000000018, EDI=0x0000000000000017
EIP=0x000000006dc8f0e0, EFLAGS=0x0000000000010206

Top of Stack: (sp=0x0000000006f0f7d0)
0x0000000006f0f7d0:   0000000006213400 000000006da3a514
0x0000000006f0f7e0:   0000000006213400 0000000000000000
0x0000000006f0f7f0:   00000000062135c0 000000006da4cffc
0x0000000006f0f800:   00000000062135c0 0000000006213400
0x0000000006f0f810:   000000000623e2b8 000000000623e2b8
0x0000000006f0f820:   0000000006211b00 00000000061b3b90
0x0000000006f0f830:   00000000061b3ba0 00000000061b3f78
0x0000000006f0f840:   0000000006213400 0000000000000000
0x0000000006f0f850:   000000000623e2b8 0000000006f0f970
0x0000000006f0f860:   0000000000000000 0000000000000000
0x0000000006f0f870:   0000000000000000 0000000000000000
0x0000000006f0f880:   0000000000000000 000000006d4c76da
0x0000000006f0f890:   0000000006f0f918 0000000006f0f970
0x0000000006f0f8a0:   000000000623e2b8 00000000062135c0
0x0000000006f0f8b0:   00000000062135c0 000000006d31500a
0x0000000006f0f8c0:   0000000000000000 0000000006f0fed0 

Instructions: (pc=0x000000006dc8f0e0)
0x000000006dc8f0d0:   48 63 fa 7e 37 66 66 66 90 66 66 90 66 66 66 90
0x000000006dc8f0e0:   42 0f b7 14 49 8d 42 ff 66 3d 7e 00 77 05 41 ff 


Stack: [0x0000000006e10000,0x0000000006f10000],  sp=0x0000000006f0f7d0,  free space=1021k
Native frames: (J=compiled Java code, j=interpreted, Vv=VM code, C=native code)
V  [jvm.dll+0x3ff0e0]


---------------  P R O C E S S  ---------------

Java Threads: ( => current thread )
  0x0000000006241000 JavaThread "Low Memory Detector" daemon [_thread_blocked, id=11312, stack(0x0000000007310000,0x0000000007410000)]
  0x000000000623e800 JavaThread "CompilerThread1" daemon [_thread_blocked, id=6048, stack(0x0000000007210000,0x0000000007310000)]
  0x000000000622dc00 JavaThread "CompilerThread0" daemon [_thread_blocked, id=10260, stack(0x0000000007110000,0x0000000007210000)]
  0x0000000006219000 JavaThread "JDWP Command Reader" daemon [_thread_in_native, id=12144, stack(0x0000000007010000,0x0000000007110000)]
  0x0000000006216400 JavaThread "JDWP Event Helper Thread" daemon [_thread_blocked, id=6684, stack(0x0000000006f10000,0x0000000007010000)]
=>0x0000000006213400 JavaThread "JDWP Transport Listener: dt_socket" daemon [_thread_in_vm, id=7908, stack(0x0000000006e10000,0x0000000006f10000)]
  0x0000000006202800 JavaThread "Attach Listener" daemon [_thread_blocked, id=12264, stack(0x0000000006750000,0x0000000006850000)]
  0x0000000006201c00 JavaThread "Signal Dispatcher" daemon [_thread_blocked, id=12536, stack(0x0000000006650000,0x0000000006750000)]
  0x00000000025adc00 JavaThread "Finalizer" daemon [_thread_blocked, id=4512, stack(0x0000000006550000,0x0000000006650000)]
  0x00000000061b3800 JavaThread "Reference Handler" daemon [_thread_blocked, id=8892, stack(0x0000000006450000,0x0000000006550000)]
  0x00000000007fcc00 JavaThread "main" [_thread_blocked, id=9672, stack(0x0000000002020000,0x0000000002120000)]

Other Threads:
  0x00000000061b1c00 VMThread [stack: 0x0000000006350000,0x0000000006450000] [id=11996]
  0x0000000006244800 WatcherThread [stack: 0x0000000007410000,0x0000000007510000] [id=9108]

VM state:not at safepoint (normal execution)

VM Mutex/Monitor currently owned by a thread: None

Heap
 PSYoungGen      total 37888K, used 1300K [0x00000000d9d50000, 0x00000000dc790000, 0x00000001041f0000)
  eden space 32512K, 4% used [0x00000000d9d50000,0x00000000d9e95220,0x00000000dbd10000)
  from space 5376K, 0% used [0x00000000dc250000,0x00000000dc250000,0x00000000dc790000)
  to   space 5376K, 0% used [0x00000000dbd10000,0x00000000dbd10000,0x00000000dc250000)
 PSOldGen        total 86656K, used 0K [0x00000000853f0000, 0x000000008a890000, 0x00000000d9d50000)
  object space 86656K, 0% used [0x00000000853f0000,0x00000000853f0000,0x000000008a890000)
 PSPermGen       total 21248K, used 3006K [0x000000007fff0000, 0x00000000814b0000, 0x00000000853f0000)
  object space 21248K, 14% used [0x000000007fff0000,0x00000000802df8c8,0x00000000814b0000)

Dynamic libraries:
0x0000000000400000 - 0x000000000042e000 	C:\Users\JiaRui\MyEclipse\Common\binary\com.sun.java.jdk.win32.x86_64_1.6.0.013\bin\javaw.exe
0x00007ffa24500000 - 0x00007ffa246d1000 	C:\WINDOWS\SYSTEM32\ntdll.dll
0x00007ffa23fc0000 - 0x00007ffa2406b000 	C:\WINDOWS\System32\KERNEL32.DLL
0x00007ffa207f0000 - 0x00007ffa20a0d000 	C:\WINDOWS\System32\KERNELBASE.dll
0x00007ffa23bc0000 - 0x00007ffa23c62000 	C:\WINDOWS\System32\ADVAPI32.dll
0x00007ffa23c70000 - 0x00007ffa23d0e000 	C:\WINDOWS\System32\msvcrt.dll
0x00007ffa233d0000 - 0x00007ffa23429000 	C:\WINDOWS\System32\sechost.dll
0x00007ffa23a90000 - 0x00007ffa23bb1000 	C:\WINDOWS\System32\RPCRT4.dll
0x00007ffa235c0000 - 0x00007ffa23725000 	C:\WINDOWS\System32\USER32.dll
0x00007ffa20de0000 - 0x00007ffa20dfe000 	C:\WINDOWS\System32\win32u.dll
0x00007ffa23a50000 - 0x00007ffa23a84000 	C:\WINDOWS\System32\GDI32.dll
0x00007ffa20a10000 - 0x00007ffa20b92000 	C:\WINDOWS\System32\gdi32full.dll
0x00007ffa23590000 - 0x00007ffa235be000 	C:\WINDOWS\System32\IMM32.DLL
0x000000006d890000 - 0x000000006de48000 	C:\Users\JiaRui\MyEclipse\Common\binary\com.sun.java.jdk.win32.x86_64_1.6.0.013\jre\bin\server\jvm.dll
0x00007ffa20f10000 - 0x00007ffa20f33000 	C:\WINDOWS\System32\WINMM.dll
0x00007ffa20730000 - 0x00007ffa2075b000 	C:\WINDOWS\System32\WINMMBASE.dll
0x00007ffa207a0000 - 0x00007ffa207e2000 	C:\WINDOWS\System32\cfgmgr32.dll
0x000000006d3b0000 - 0x000000006d3ba000 	C:\Users\JiaRui\MyEclipse\Common\binary\com.sun.java.jdk.win32.x86_64_1.6.0.013\jre\bin\hpi.dll
0x00007ffa21990000 - 0x00007ffa21998000 	C:\WINDOWS\System32\PSAPI.DLL
0x000000006d4c0000 - 0x000000006d4f4000 	C:\Users\JiaRui\MyEclipse\Common\binary\com.sun.java.jdk.win32.x86_64_1.6.0.013\jre\bin\jdwp.dll
0x000000006d6d0000 - 0x000000006d6d8000 	C:\Users\JiaRui\MyEclipse\Common\binary\com.sun.java.jdk.win32.x86_64_1.6.0.013\jre\bin\npt.dll
0x000000006d800000 - 0x000000006d80e000 	C:\Users\JiaRui\MyEclipse\Common\binary\com.sun.java.jdk.win32.x86_64_1.6.0.013\jre\bin\verify.dll
0x000000006d450000 - 0x000000006d477000 	C:\Users\JiaRui\MyEclipse\Common\binary\com.sun.java.jdk.win32.x86_64_1.6.0.013\jre\bin\java.dll
0x000000006d850000 - 0x000000006d862000 	C:\Users\JiaRui\MyEclipse\Common\binary\com.sun.java.jdk.win32.x86_64_1.6.0.013\jre\bin\zip.dll
0x000000006d310000 - 0x000000006d319000 	C:\Users\JiaRui\MyEclipse\Common\binary\com.sun.java.jdk.win32.x86_64_1.6.0.013\jre\bin\dt_socket.dll
0x00007ffa23360000 - 0x00007ffa233ca000 	C:\WINDOWS\System32\WS2_32.dll
0x00007ffa07480000 - 0x00007ffa07496000 	C:\WINDOWS\system32\napinsp.dll
0x00007ffa07460000 - 0x00007ffa0747a000 	C:\WINDOWS\system32\pnrpnsp.dll
0x00007ffa1d9c0000 - 0x00007ffa1d9d8000 	C:\WINDOWS\system32\NLAapi.dll
0x00007ffa1fee0000 - 0x00007ffa1ff3c000 	C:\WINDOWS\System32\mswsock.dll
0x00007ffa1fcb0000 - 0x00007ffa1fd50000 	C:\WINDOWS\SYSTEM32\DNSAPI.dll
0x00007ffa23fb0000 - 0x00007ffa23fb8000 	C:\WINDOWS\System32\NSI.dll
0x00007ffa1fc70000 - 0x00007ffa1fca8000 	C:\WINDOWS\SYSTEM32\IPHLPAPI.DLL
0x00007ffa07450000 - 0x00007ffa0745e000 	C:\WINDOWS\System32\winrnr.dll
0x00007ffa07430000 - 0x00007ffa07445000 	C:\WINDOWS\System32\wshbth.dll
0x00007ffa1f330000 - 0x00007ffa1f4aa000 	C:\Program Files (x86)\Sangfor\SSL\ClientComponent\SangforTcpX64.dll
0x00007ffa23d10000 - 0x00007ffa23e47000 	C:\WINDOWS\System32\ole32.dll
0x00007ffa24070000 - 0x00007ffa24338000 	C:\WINDOWS\System32\combase.dll
0x00007ffa217d0000 - 0x00007ffa218c5000 	C:\WINDOWS\System32\ucrtbase.dll
0x00007ffa20ba0000 - 0x00007ffa20c0a000 	C:\WINDOWS\System32\bcryptPrimitives.dll
0x00007ffa23750000 - 0x00007ffa2380f000 	C:\WINDOWS\System32\OLEAUT32.dll
0x00007ffa21730000 - 0x00007ffa217cc000 	C:\WINDOWS\System32\msvcp_win.dll
0x00007ffa23430000 - 0x00007ffa23482000 	C:\WINDOWS\System32\SHLWAPI.dll
0x00007ffa20f40000 - 0x00007ffa20f95000 	C:\WINDOWS\System32\WINTRUST.dll
0x00007ffa20790000 - 0x00007ffa207a0000 	C:\WINDOWS\System32\MSASN1.dll
0x00007ffa20c10000 - 0x00007ffa20dd9000 	C:\WINDOWS\System32\CRYPT32.dll
0x00007ffa1f320000 - 0x00007ffa1f32a000 	C:\WINDOWS\SYSTEM32\VERSION.dll
0x00007ffa11af0000 - 0x00007ffa11b5a000 	C:\WINDOWS\System32\fwpuclnt.dll
0x00007ffa20670000 - 0x00007ffa2069b000 	C:\WINDOWS\SYSTEM32\bcrypt.dll
0x00007ffa0d0b0000 - 0x00007ffa0d0ba000 	C:\Windows\System32\rasadhlp.dll

VM Arguments:
jvm_args: -agentlib:jdwp=transport=dt_socket,suspend=y,address=localhost:57929 -Dfile.encoding=UTF-8 
java_command: exercise.IOStreamTest
Launcher Type: SUN_STANDARD

Environment Variables:
JAVA_HOME=C:\Program Files\Java\jdk1.8.0_102
CLASSPATH=.;C:\Program Files\Java\jdk1.8.0_102\lib;C:\Program Files (x86)\mysql-connector-java-5.1.40
PATH=C:\Users\JiaRui\MyEclipse\Common\binary\com.sun.java.jdk.win32.x86_64_1.6.0.013\jre\bin;C:\ProgramData\Oracle\Java\javapath;C:\Program Files (x86)\Common Files\NetSarang;C:\WINDOWS\system32;C:\WINDOWS;C:\WINDOWS\System32\Wbem;C:\WINDOWS\System32\WindowsPowerShell\v1.0\;C:\Program Files\MySQL\MySQL Server 5.5\bin\;C:\Program Files\Java\jdk1.8.0_102\bin;C:\Program Files\Java\jre1.8.0_102\bin;C:\Users\JiaRui\AppData\Local\Microsoft\WindowsApps;
USERNAME=JiaRui
OS=Windows_NT
PROCESSOR_IDENTIFIER=Intel64 Family 6 Model 78 Stepping 3, GenuineIntel



---------------  S Y S T E M  ---------------

OS: Windows NT 6.2 Build 9200 

CPU:total 4 (8 cores per cpu, 2 threads per core) family 6 model 14 stepping 3, cmov, cx8, fxsr, mmx, sse, sse2, sse3, ssse3, ht

Memory: 4k page, physical 8312976k(4603704k free), swap 9623696k(5340712k free)

vm_info: Java HotSpot(TM) 64-Bit Server VM (11.3-b02) for windows-amd64 JRE (1.6.0_13-b03), built on Mar  9 2009 10:50:19 by "java_re" with MS VC++ 8.0

time: Sun Dec 25 20:44:32 2016
elapsed time: 52 seconds

